Using bfloat16 Automatic Mixed Precision (AMP)
GPU available: True (cuda), used: True
TPU available: False, using: 0 TPU cores
рҹ’Ў Tip: For seamless cloud logging and experiment tracking, try installing [litlogger](https://pypi.org/project/litlogger/) to enable LitLogger, which logs metrics and artifacts automatically to the Lightning Experiments platform.
You are using a CUDA device ('NVIDIA A100 80GB PCIe') that has Tensor Cores. To properly utilize them, you should set `torch.set_float32_matmul_precision('medium' | 'high')` which will trade-off precision for performance. For more details, read https://pytorch.org/docs/stable/generated/torch.set_float32_matmul_precision.html#torch.set_float32_matmul_precision
LOCAL_RANK: 0 - CUDA_VISIBLE_DEVICES: [0]
/home/ubuntu/.pyenv/versions/dino-dist/lib/python3.12/site-packages/lightning/pytorch/utilities/model_summary/model_summary.py:242: Precision bf16-mixed is not supported by the model summary.  Estimated model size in MB will not be accurate. Using 32 bits instead.
Starting training with config: config/repvit_m1_1_vit_base_stage_1.yaml
Experiment directory: outputs/repvit_m1_1_vit_base_stage_1
  - Checkpoints: outputs/repvit_m1_1_vit_base_stage_1/checkpoints
  - Logs: outputs/repvit_m1_1_vit_base_stage_1/logs

Creating distillation module...
ViT backbone parameters frozen: 85641216 parameters
ViT backbone kept in eval mode (frozen=True)

Setting up dataloaders...
SA-1B train dataset initialized with 108,722 images
SA-1B val dataset initialized with 2,500 images
Train batches: 3,624
Val batches: 84
Total train images: 108,722
Total val images: 2,500

============================================================
Starting training...
============================================================

в”Ҹв”Ғв”Ғв”Ғв”ів”Ғв”Ғв”Ғв”Ғв”Ғв”Ғв”Ғв”Ғв”Ғв”ів”Ғв”Ғв”Ғв”Ғв”Ғв”Ғв”Ғв”Ғв”Ғв”ів”Ғв”Ғв”Ғв”Ғв”Ғв”Ғв”Ғв”Ғв”ів”Ғв”Ғв”Ғв”Ғв”Ғв”Ғв”Ғв”ів”Ғв”Ғв”Ғв”Ғв”Ғв”Ғв”Ғв”“
в”ғ   в”ғ Name    в”ғ Type    в”ғ Params в”ғ Mode  в”ғ FLOPs в”ғ
в”Ўв”Ғв”Ғв”Ғв•Үв”Ғв”Ғв”Ғв”Ғв”Ғв”Ғв”Ғв”Ғв”Ғв•Үв”Ғв”Ғв”Ғв”Ғв”Ғв”Ғв”Ғв”Ғв”Ғв•Үв”Ғв”Ғв”Ғв”Ғв”Ғв”Ғв”Ғв”Ғв•Үв”Ғв”Ғв”Ғв”Ғв”Ғв”Ғв”Ғв•Үв”Ғв”Ғв”Ғв”Ғв”Ғв”Ғв”Ғв”©
в”Ӯ 0 в”Ӯ teacher в”Ӯ Teacher в”Ӯ 85.6 M в”Ӯ train в”Ӯ     0 в”Ӯ
в”Ӯ 1 в”Ӯ student в”Ӯ Student в”Ӯ  9.5 M в”Ӯ train в”Ӯ     0 в”Ӯ
в””в”Җв”Җв”Җв”ҙв”Җв”Җв”Җв”Җв”Җв”Җв”Җв”Җв”Җв”ҙв”Җв”Җв”Җв”Җв”Җв”Җв”Җв”Җв”Җв”ҙв”Җв”Җв”Җв”Җв”Җв”Җв”Җв”Җв”ҙв”Җв”Җв”Җв”Җв”Җв”Җв”Җв”ҙв”Җв”Җв”Җв”Җв”Җв”Җв”Җв”ҳ
Trainable params: 9.5 M                                                         
Non-trainable params: 85.6 M                                                    
Total params: 95.2 M                                                            
Total estimated model params size (MB): 380                                     
Modules in train mode: 465                                                      
Modules in eval mode: 253                                                       
Total FLOPs: 0                                                                  
/home/ubuntu/.pyenv/versions/dino-dist/lib/python3.12/site-packages/lightning/pytorch/utilities/_pytree.py:21: `isinstance(treespec, LeafSpec)` is deprecated, use `isinstance(treespec, TreeSpec) and treespec.is_leaf()` instead.
/home/ubuntu/.pyenv/versions/dino-dist/lib/python3.12/site-packages/lightning/pytorch/utilities/_pytree.py:21: `isinstance(treespec, LeafSpec)` is deprecated, use `isinstance(treespec, TreeSpec) and treespec.is_leaf()` instead.
ViT backbone kept in eval mode (frozen=True)
ViT backbone kept in eval mode (frozen=True)
/home/ubuntu/.pyenv/versions/dino-dist/lib/python3.12/site-packages/lightning/pytorch/loops/fit_loop.py:534: Found 253 module(s) in eval mode at the start of training. This may lead to unexpected behavior during training. If this is intentional, you can ignore this warning.
Epoch 4, global step 2265: 'val_loss' reached 0.00049 (best 0.00049), saving model to '/ephemeral/DINODistillery/outputs/repvit_m1_1_vit_base_stage_1/checkpoints/epoch=004-val_loss=0.0005.ckpt' as top 3
ViT backbone kept in eval mode (frozen=True)
ViT backbone kept in eval mode (frozen=True)
Epoch 9, global step 4530: 'val_loss' reached 0.00044 (best 0.00044), saving model to '/ephemeral/DINODistillery/outputs/repvit_m1_1_vit_base_stage_1/checkpoints/epoch=009-val_loss=0.0004.ckpt' as top 3
ViT backbone kept in eval mode (frozen=True)
ViT backbone kept in eval mode (frozen=True)
Epoch 14, global step 6795: 'val_loss' reached 0.00042 (best 0.00042), saving model to '/ephemeral/DINODistillery/outputs/repvit_m1_1_vit_base_stage_1/checkpoints/epoch=014-val_loss=0.0004.ckpt' as top 3
ViT backbone kept in eval mode (frozen=True)
ViT backbone kept in eval mode (frozen=True)
Epoch 19, global step 9060: 'val_loss' reached 0.00041 (best 0.00041), saving model to '/ephemeral/DINODistillery/outputs/repvit_m1_1_vit_base_stage_1/checkpoints/epoch=019-val_loss=0.0004.ckpt' as top 3
ViT backbone kept in eval mode (frozen=True)
ViT backbone kept in eval mode (frozen=True)
Epoch 24, global step 11325: 'val_loss' reached 0.00040 (best 0.00040), saving model to '/ephemeral/DINODistillery/outputs/repvit_m1_1_vit_base_stage_1/checkpoints/epoch=024-val_loss=0.0004.ckpt' as top 3
ViT backbone kept in eval mode (frozen=True)
ViT backbone kept in eval mode (frozen=True)
Epoch 29, global step 13590: 'val_loss' reached 0.00041 (best 0.00040), saving model to '/ephemeral/DINODistillery/outputs/repvit_m1_1_vit_base_stage_1/checkpoints/epoch=029-val_loss=0.0004.ckpt' as top 3
ViT backbone kept in eval mode (frozen=True)
ViT backbone kept in eval mode (frozen=True)
Epoch 34, global step 15855: 'val_loss' reached 0.00040 (best 0.00040), saving model to '/ephemeral/DINODistillery/outputs/repvit_m1_1_vit_base_stage_1/checkpoints/epoch=034-val_loss=0.0004.ckpt' as top 3
ViT backbone kept in eval mode (frozen=True)
ViT backbone kept in eval mode (frozen=True)
Epoch 39, global step 18120: 'val_loss' reached 0.00039 (best 0.00039), saving model to '/ephemeral/DINODistillery/outputs/repvit_m1_1_vit_base_stage_1/checkpoints/epoch=039-val_loss=0.0004.ckpt' as top 3
ViT backbone kept in eval mode (frozen=True)
ViT backbone kept in eval mode (frozen=True)
Epoch 44, global step 20385: 'val_loss' reached 0.00038 (best 0.00038), saving model to '/ephemeral/DINODistillery/outputs/repvit_m1_1_vit_base_stage_1/checkpoints/epoch=044-val_loss=0.0004.ckpt' as top 3
ViT backbone kept in eval mode (frozen=True)
ViT backbone kept in eval mode (frozen=True)
Epoch 49, global step 22650: 'val_loss' reached 0.00038 (best 0.00038), saving model to '/ephemeral/DINODistillery/outputs/repvit_m1_1_vit_base_stage_1/checkpoints/epoch=049-val_loss=0.0004.ckpt' as top 3
ViT backbone kept in eval mode (frozen=True)
ViT backbone kept in eval mode (frozen=True)
Epoch 54, global step 24915: 'val_loss' reached 0.00038 (best 0.00038), saving model to '/ephemeral/DINODistillery/outputs/repvit_m1_1_vit_base_stage_1/checkpoints/epoch=054-val_loss=0.0004.ckpt' as top 3
ViT backbone kept in eval mode (frozen=True)
ViT backbone kept in eval mode (frozen=True)

============================================================
Epoch 59: Updating image sizes student=1024x1024, teacher=512x512
============================================================

Epoch 59, global step 27180: 'val_loss' reached 0.00038 (best 0.00038), saving model to '/ephemeral/DINODistillery/outputs/repvit_m1_1_vit_base_stage_1/checkpoints/epoch=059-val_loss=0.0004.ckpt' as top 3
ViT backbone kept in eval mode (frozen=True)
ViT backbone kept in eval mode (frozen=True)
Epoch 64, global step 29445: 'val_loss' reached 0.00037 (best 0.00037), saving model to '/ephemeral/DINODistillery/outputs/repvit_m1_1_vit_base_stage_1/checkpoints/epoch=064-val_loss=0.0004.ckpt' as top 3
ViT backbone kept in eval mode (frozen=True)
ViT backbone kept in eval mode (frozen=True)
Epoch 69, global step 31710: 'val_loss' reached 0.00037 (best 0.00037), saving model to '/ephemeral/DINODistillery/outputs/repvit_m1_1_vit_base_stage_1/checkpoints/epoch=069-val_loss=0.0004.ckpt' as top 3
ViT backbone kept in eval mode (frozen=True)
ViT backbone kept in eval mode (frozen=True)
Epoch 74, global step 33975: 'val_loss' reached 0.00037 (best 0.00037), saving model to '/ephemeral/DINODistillery/outputs/repvit_m1_1_vit_base_stage_1/checkpoints/epoch=074-val_loss=0.0004.ckpt' as top 3
`Trainer.fit` stopped: `max_epochs=75` reached.
ViT backbone kept in eval mode (frozen=True)
ViT backbone kept in eval mode (frozen=True)
Epoch 74/74 в”Ғв”Ғв”Ғв”Ғв”Ғв”Ғв”Ғв”Ғв”Ғв”Ғв”Ғв”Ғв”Ғв”Ғв”Ғ 3624/3624 0:42:16 вҖў       1.45it/s v_num: 0.000     
                                      0:00:00                  train_loss_step: 
                                                               0.000            
                                                               train_loss_epoch:
                                                               0.000 val_loss:  
                                                               0.000            

============================================================
Training completed!
Best checkpoint saved in: outputs/repvit_m1_1_vit_base_stage_1/checkpoints
TensorBoard logs in: outputs/repvit_m1_1_vit_base_stage_1/logs
============================================================
